e:\study\计算机图形学\hw\computergraphicshw\hw3\debug\vc141.pdb
e:\study\计算机图形学\hw\computergraphicshw\hw3\debug\vc141.idb
e:\study\计算机图形学\hw\computergraphicshw\hw3\debug\gl3w.obj
e:\study\计算机图形学\hw\computergraphicshw\hw3\debug\glad.obj
e:\study\计算机图形学\hw\computergraphicshw\hw3\debug\hw3.obj
e:\study\计算机图形学\hw\computergraphicshw\hw3\debug\imgui_widgets.obj
e:\study\计算机图形学\hw\computergraphicshw\hw3\debug\imgui_draw.obj
e:\study\计算机图形学\hw\computergraphicshw\hw3\debug\imgui_demo.obj
e:\study\计算机图形学\hw\computergraphicshw\hw3\debug\imgui.obj
e:\study\计算机图形学\hw\computergraphicshw\hw3\debug\imgui_impl_opengl3.obj
e:\study\计算机图形学\hw\computergraphicshw\hw3\debug\imgui_impl_glfw.obj
e:\study\计算机图形学\hw\computergraphicshw\hw3\debug\hw3.ilk
e:\study\计算机图形学\hw\computergraphicshw\hw3\debug\hw3.exe
e:\study\计算机图形学\hw\computergraphicshw\hw3\debug\hw3.pdb
e:\study\计算机图形学\hw\computergraphicshw\hw3\debug\hw3.tlog\cl.command.1.tlog
e:\study\计算机图形学\hw\computergraphicshw\hw3\debug\hw3.tlog\cl.read.1.tlog
e:\study\计算机图形学\hw\computergraphicshw\hw3\debug\hw3.tlog\cl.write.1.tlog
e:\study\计算机图形学\hw\computergraphicshw\hw3\debug\hw3.tlog\link.command.1.tlog
e:\study\计算机图形学\hw\computergraphicshw\hw3\debug\hw3.tlog\link.read.1.tlog
e:\study\计算机图形学\hw\computergraphicshw\hw3\debug\hw3.tlog\link.write.1.tlog
